[ 2020-02-21T13:51:55+08:00 ] ::1 /oldpigclub/index.php/home/index/test
INFO: [ app_init ] --START--
INFO: Run Behavior\BuildLiteBehavior [ RunTime:0.000010s ]
INFO: [ app_init ] --END-- [ RunTime:0.010780s ]
INFO: [ app_begin ] --START--
INFO: Run Behavior\ReadHtmlCacheBehavior [ RunTime:0.013764s ]
INFO: [ app_begin ] --END-- [ RunTime:0.013794s ]
INFO: [ app_end ] --START--
INFO: Run Behavior\ShowPageTraceBehavior [ RunTime:0.013542s ]
INFO: [ app_end ] --END-- [ RunTime:0.013571s ]

[ 2020-02-21T13:52:02+08:00 ] ::1 /oldpigclub/index.php/home/test/test
INFO: [ app_init ] --START--
INFO: Run Behavior\BuildLiteBehavior [ RunTime:0.000006s ]
INFO: [ app_init ] --END-- [ RunTime:0.000189s ]
INFO: [ app_begin ] --START--
INFO: Run Behavior\ReadHtmlCacheBehavior [ RunTime:0.000252s ]
INFO: [ app_begin ] --END-- [ RunTime:0.000266s ]
INFO: [ app_end ] --START--
INFO: Run Behavior\ShowPageTraceBehavior [ RunTime:0.000269s ]
INFO: [ app_end ] --END-- [ RunTime:0.000283s ]

[ 2020-02-21T14:11:02+08:00 ] ::1 /oldpigclub/index.php/home/test/test
INFO: [ app_init ] --START--
INFO: Run Behavior\BuildLiteBehavior [ RunTime:0.000007s ]
INFO: [ app_init ] --END-- [ RunTime:0.001109s ]
INFO: [ app_begin ] --START--
INFO: Run Behavior\ReadHtmlCacheBehavior [ RunTime:0.000891s ]
INFO: [ app_begin ] --END-- [ RunTime:0.000914s ]
INFO: [ app_end ] --START--
INFO: Run Behavior\ShowPageTraceBehavior [ RunTime:0.000827s ]
INFO: [ app_end ] --END-- [ RunTime:0.000846s ]

[ 2020-02-21T14:11:30+08:00 ] ::1 /oldpigclub/index.php/home/test/insert_test
INFO: [ app_init ] --START--
INFO: Run Behavior\BuildLiteBehavior [ RunTime:0.000004s ]
INFO: [ app_init ] --END-- [ RunTime:0.000177s ]
INFO: [ app_begin ] --START--
INFO: Run Behavior\ReadHtmlCacheBehavior [ RunTime:0.000235s ]
INFO: [ app_begin ] --END-- [ RunTime:0.000249s ]
ERR: 1146:Table 'oldpigclub.message' doesn't exist
 [ SQL语句 ] : SHOW COLUMNS FROM `message`
ERR: 1146:Table 'oldpigclub.message' doesn't exist
 [ SQL语句 ] : SHOW COLUMNS FROM `message`

[ 2020-02-21T14:12:49+08:00 ] ::1 /oldpigclub/index.php/home/test/insert_test
INFO: [ app_init ] --START--
INFO: Run Behavior\BuildLiteBehavior [ RunTime:0.000004s ]
INFO: [ app_init ] --END-- [ RunTime:0.000210s ]
INFO: [ app_begin ] --START--
INFO: Run Behavior\ReadHtmlCacheBehavior [ RunTime:0.000287s ]
INFO: [ app_begin ] --END-- [ RunTime:0.000304s ]
SQL: SHOW COLUMNS FROM `message` [ RunTime:0.0008s ]
ERR: 1364:Field 'user_id' doesn't have a default value
 [ SQL语句 ] : INSERT INTO `message` (`username`,`face_url`,`content`,`total_likes`,`send_timestamp`) VALUES ('AOP','404.jpg','前排就坐','0','1582265569')
ERR: 1364:Field 'user_id' doesn't have a default value
 [ SQL语句 ] : INSERT INTO `message` (`username`,`face_url`,`content`,`total_likes`,`send_timestamp`) VALUES ('AOP','404.jpg','前排就坐','0','1582265569')

[ 2020-02-21T14:12:52+08:00 ] ::1 /oldpigclub/index.php/home/test/test
INFO: [ app_init ] --START--
INFO: Run Behavior\BuildLiteBehavior [ RunTime:0.000005s ]
INFO: [ app_init ] --END-- [ RunTime:0.000217s ]
INFO: [ app_begin ] --START--
INFO: Run Behavior\ReadHtmlCacheBehavior [ RunTime:0.000408s ]
INFO: [ app_begin ] --END-- [ RunTime:0.000433s ]
INFO: [ app_end ] --START--
INFO: Run Behavior\ShowPageTraceBehavior [ RunTime:0.000495s ]
INFO: [ app_end ] --END-- [ RunTime:0.000525s ]

[ 2020-02-21T14:12:54+08:00 ] ::1 /oldpigclub/index.php/home/test/insert_test
INFO: [ app_init ] --START--
INFO: Run Behavior\BuildLiteBehavior [ RunTime:0.000004s ]
INFO: [ app_init ] --END-- [ RunTime:0.000185s ]
INFO: [ app_begin ] --START--
INFO: Run Behavior\ReadHtmlCacheBehavior [ RunTime:0.000271s ]
INFO: [ app_begin ] --END-- [ RunTime:0.000289s ]
SQL: SHOW COLUMNS FROM `message` [ RunTime:0.0006s ]
ERR: 1364:Field 'user_id' doesn't have a default value
 [ SQL语句 ] : INSERT INTO `message` (`username`,`face_url`,`content`,`total_likes`,`send_timestamp`) VALUES ('AOP','404.jpg','前排就坐','0','1582265574')
ERR: 1364:Field 'user_id' doesn't have a default value
 [ SQL语句 ] : INSERT INTO `message` (`username`,`face_url`,`content`,`total_likes`,`send_timestamp`) VALUES ('AOP','404.jpg','前排就坐','0','1582265574')

[ 2020-02-21T14:13:01+08:00 ] ::1 /oldpigclub/index.php/home/test/insert_test
INFO: [ app_init ] --START--
INFO: Run Behavior\BuildLiteBehavior [ RunTime:0.000007s ]
INFO: [ app_init ] --END-- [ RunTime:0.000215s ]
INFO: [ app_begin ] --START--
INFO: Run Behavior\ReadHtmlCacheBehavior [ RunTime:0.000274s ]
INFO: [ app_begin ] --END-- [ RunTime:0.000296s ]
SQL: SHOW COLUMNS FROM `message` [ RunTime:0.0006s ]
ERR: 1364:Field 'user_id' doesn't have a default value
 [ SQL语句 ] : INSERT INTO `message` (`username`,`face_url`,`content`,`total_likes`,`send_timestamp`) VALUES ('AOP','404.jpg','前排就坐','0','1582265581')
ERR: 1364:Field 'user_id' doesn't have a default value
 [ SQL语句 ] : INSERT INTO `message` (`username`,`face_url`,`content`,`total_likes`,`send_timestamp`) VALUES ('AOP','404.jpg','前排就坐','0','1582265581')

[ 2020-02-21T14:13:49+08:00 ] ::1 /oldpigclub/index.php/home/test/insert_test
INFO: [ app_init ] --START--
INFO: Run Behavior\BuildLiteBehavior [ RunTime:0.000009s ]
INFO: [ app_init ] --END-- [ RunTime:0.000224s ]
INFO: [ app_begin ] --START--
INFO: Run Behavior\ReadHtmlCacheBehavior [ RunTime:0.000255s ]
INFO: [ app_begin ] --END-- [ RunTime:0.000270s ]
ERR: 非法操作:insert_test

[ 2020-02-21T14:13:53+08:00 ] ::1 /oldpigclub/index.php/home/test/inserttest
INFO: [ app_init ] --START--
INFO: Run Behavior\BuildLiteBehavior [ RunTime:0.000004s ]
INFO: [ app_init ] --END-- [ RunTime:0.000178s ]
INFO: [ app_begin ] --START--
INFO: Run Behavior\ReadHtmlCacheBehavior [ RunTime:0.000238s ]
INFO: [ app_begin ] --END-- [ RunTime:0.000252s ]
SQL: SHOW COLUMNS FROM `message` [ RunTime:0.0007s ]
ERR: 1364:Field 'user_id' doesn't have a default value
 [ SQL语句 ] : INSERT INTO `message` (`username`,`face_url`,`content`,`total_likes`,`send_timestamp`) VALUES ('AOP','404.jpg','前排就坐','0','1582265633')
ERR: 1364:Field 'user_id' doesn't have a default value
 [ SQL语句 ] : INSERT INTO `message` (`username`,`face_url`,`content`,`total_likes`,`send_timestamp`) VALUES ('AOP','404.jpg','前排就坐','0','1582265633')

[ 2020-02-21T14:15:17+08:00 ] ::1 /oldpigclub/index.php/home/test/inserttest
INFO: [ app_init ] --START--
INFO: Run Behavior\BuildLiteBehavior [ RunTime:0.000008s ]
INFO: [ app_init ] --END-- [ RunTime:0.000344s ]
INFO: [ app_begin ] --START--
INFO: Run Behavior\ReadHtmlCacheBehavior [ RunTime:0.000417s ]
INFO: [ app_begin ] --END-- [ RunTime:0.000441s ]
SQL: SHOW COLUMNS FROM `message` [ RunTime:0.0005s ]
SQL: INSERT INTO `message` (`user_id`,`username`,`face_url`,`content`,`total_likes`,`send_timestamp`) VALUES ('1','AOP','404.jpg','前排就坐','0','1582265717') [ RunTime:0.0006s ]
INFO: [ app_end ] --START--
INFO: Run Behavior\ShowPageTraceBehavior [ RunTime:0.000436s ]
INFO: [ app_end ] --END-- [ RunTime:0.000452s ]

